--------------------------------------------------------------------------------
      name:  <unnamed>
       log:  C:/Users/mshams/Dropbox/Courses/are256b-w26/log/week5_6Feb2026.log
  log type:  text
 opened on:   6 Feb 2026, 09:20:58

. 
. * Load your dataset
. import delimited "$path/data/broiler.csv", clear
(encoding automatically selected: ISO-8859-1)
(12 vars, 40 obs)

. 
end of do-file

. do "C:\Users\mshams\AppData\Local\Temp\STD208c_000001.tmp"

. reg q pchick // short regression 

      Source |       SS           df       MS      Number of obs   =        40
-------------+----------------------------------   F(1, 38)        =    667.75
       Model |  3616.86534         1  3616.86534   Prob > F        =    0.0000
    Residual |  205.825702        38  5.41646586   R-squared       =    0.9462
-------------+----------------------------------   Adj R-squared   =    0.9447
       Total |  3822.69105        39  98.0177191   Root MSE        =    2.3273

------------------------------------------------------------------------------
           q | Coefficient  Std. err.      t    P>|t|     [95% conf. interval]
-------------+----------------------------------------------------------------
      pchick |   .2515834   .0097358    25.84   0.000     .2318742    .2712926
       _cons |   10.19811   .9859519    10.34   0.000     8.202155    12.19407
------------------------------------------------------------------------------

. 
end of do-file

. do "C:\Users\mshams\AppData\Local\Temp\STD208c_000002.tmp"

. reg q pchick // short regression 

      Source |       SS           df       MS      Number of obs   =        40
-------------+----------------------------------   F(1, 38)        =    667.75
       Model |  3616.86534         1  3616.86534   Prob > F        =    0.0000
    Residual |  205.825702        38  5.41646586   R-squared       =    0.9462
-------------+----------------------------------   Adj R-squared   =    0.9447
       Total |  3822.69105        39  98.0177191   Root MSE        =    2.3273

------------------------------------------------------------------------------
           q | Coefficient  Std. err.      t    P>|t|     [95% conf. interval]
-------------+----------------------------------------------------------------
      pchick |   .2515834   .0097358    25.84   0.000     .2318742    .2712926
       _cons |   10.19811   .9859519    10.34   0.000     8.202155    12.19407
------------------------------------------------------------------------------

. 
end of do-file

. do "C:\Users\mshams\AppData\Local\Temp\STD208c_000003.tmp"

. reg q pchick y pop cpi meatex pbeef // long regression 

      Source |       SS           df       MS      Number of obs   =        40
-------------+----------------------------------   F(6, 33)        =    595.01
       Model |   3787.6792         6  631.279866   Prob > F        =    0.0000
    Residual |  35.0118479        33  1.06096509   R-squared       =    0.9908
-------------+----------------------------------   Adj R-squared   =    0.9892
       Total |  3822.69105        39  98.0177191   Root MSE        =      1.03

------------------------------------------------------------------------------
           q | Coefficient  Std. err.      t    P>|t|     [95% conf. interval]
-------------+----------------------------------------------------------------
      pchick |  -.1964983   .0423821    -4.64   0.000    -.2827254   -.1102712
           y |   .0020403   .0006204     3.29   0.002     .0007782    .0033024
         pop |  -.1193832   .1067895    -1.12   0.272    -.3366481    .0978817
         cpi |   .1244079   .0344126     3.62   0.001     .0543949    .1944209
      meatex |   .0082703   .0016866     4.90   0.000     .0048388    .0117018
       pbeef |   .0839835   .0336767     2.49   0.018     .0154677    .1524992
       _cons |   26.01133   14.72244     1.77   0.087    -3.941704    55.96437
------------------------------------------------------------------------------

. 
end of do-file

. do "C:\Users\mshams\AppData\Local\Temp\STD208c_000004.tmp"

. ivregress 2sls q (pchick = pf) y pop cpi pbeef meatex

Instrumental-variables 2SLS regression            Number of obs   =         40
                                                  Wald chi2(6)    =    3944.66
                                                  Prob > chi2     =     0.0000
                                                  R-squared       =     0.9900
                                                  Root MSE        =     .97926

------------------------------------------------------------------------------
           q | Coefficient  Std. err.      z    P>|z|     [95% conf. interval]
-------------+----------------------------------------------------------------
      pchick |  -.2717676   .0629364    -4.32   0.000    -.3951207   -.1484144
           y |   .0027603   .0007495     3.68   0.000     .0012913    .0042292
         pop |  -.2281387   .1232373    -1.85   0.064    -.4696794    .0134019
         cpi |   .1530165   .0375239     4.08   0.000      .079471    .2265621
       pbeef |   .1070905   .0352898     3.03   0.002     .0379238    .1762571
      meatex |   .0102234   .0020359     5.02   0.000      .006233    .0142138
       _cons |   41.18072    17.0543     2.41   0.016     7.754909    74.60652
------------------------------------------------------------------------------
Endogenous: pchick
Exogenous:  y pop cpi pbeef meatex pf

. 
end of do-file

. do "C:\Users\mshams\AppData\Local\Temp\STD208c_000005.tmp"

. ivregress 2sls q (pchick = pf pcor) y pop cpi pbeef meatex

Instrumental-variables 2SLS regression            Number of obs   =         40
                                                  Wald chi2(6)    =    3640.53
                                                  Prob > chi2     =     0.0000
                                                  R-squared       =     0.9891
                                                  Root MSE        =     1.0201

------------------------------------------------------------------------------
           q | Coefficient  Std. err.      z    P>|z|     [95% conf. interval]
-------------+----------------------------------------------------------------
      pchick |  -.3023323   .0632226    -4.78   0.000    -.4262464   -.1784182
           y |   .0030526   .0007629     4.00   0.000     .0015574    .0045478
         pop |  -.2723013   .1259066    -2.16   0.031    -.5190737   -.0255289
         cpi |   .1646337   .0385293     4.27   0.000     .0891178    .2401497
       pbeef |   .1164736   .0363745     3.20   0.001     .0451809    .1877662
      meatex |   .0110165   .0020725     5.32   0.000     .0069544    .0150786
       _cons |   47.34058   17.41819     2.72   0.007     13.20155    81.47961
------------------------------------------------------------------------------
Endogenous: pchick
Exogenous:  y pop cpi pbeef meatex pf pcor

. 
end of do-file

. do "C:\Users\mshams\AppData\Local\Temp\STD208c_000006.tmp"

. reg pchick pcor pf y pop cpi meatex pbeef

      Source |       SS           df       MS      Number of obs   =        40
-------------+----------------------------------   F(7, 32)        =    786.32
       Model |  56813.4051         7  8116.20073   Prob > F        =    0.0000
    Residual |  330.295568        32  10.3217365   R-squared       =    0.9942
-------------+----------------------------------   Adj R-squared   =    0.9930
       Total |  57143.7007        39  1465.22309   Root MSE        =    3.2127

------------------------------------------------------------------------------
      pchick | Coefficient  Std. err.      t    P>|t|     [95% conf. interval]
-------------+----------------------------------------------------------------
        pcor |   .0671533   .0504852     1.33   0.193    -.0356816    .1699883
          pf |   .1125742   .0694675     1.62   0.115    -.0289265    .2540748
           y |   .0110122   .0015883     6.93   0.000      .007777    .0142474
         pop |  -1.807652   .3130586    -5.77   0.000    -2.445331   -1.169972
         cpi |   .4754373    .111081     4.28   0.000     .2491728    .7017019
      meatex |   .0317445   .0042032     7.55   0.000     .0231829    .0403061
       pbeef |   .1150574   .1041518     1.10   0.278    -.0970929    .3272077
       _cons |   249.7408   43.19733     5.78   0.000     161.7507    337.7309
------------------------------------------------------------------------------

. predict xhat, xb

. 
end of do-file

. do "C:\Users\mshams\AppData\Local\Temp\STD208c_000007.tmp"

. reg q xhat y pop cpi pbeef meatex

      Source |       SS           df       MS      Number of obs   =        40
-------------+----------------------------------   F(6, 33)        =    612.52
       Model |  3788.67132         6   631.44522   Prob > F        =    0.0000
    Residual |  34.0197262        33  1.03090079   R-squared       =    0.9911
-------------+----------------------------------   Adj R-squared   =    0.9895
       Total |  3822.69105        39  98.0177191   Root MSE        =    1.0153

------------------------------------------------------------------------------
           q | Coefficient  Std. err.      t    P>|t|     [95% conf. interval]
-------------+----------------------------------------------------------------
        xhat |  -.3023322   .0629245    -4.80   0.000     -.430353   -.1743114
           y |   .0030526   .0007593     4.02   0.000     .0015078    .0045974
         pop |  -.2723012   .1253129    -2.17   0.037    -.5272521   -.0173503
         cpi |   .1646337   .0383476     4.29   0.000      .086615    .2426524
       pbeef |   .1164735   .0362029     3.22   0.003     .0428181    .1901289
      meatex |   .0110165   .0020628     5.34   0.000     .0068198    .0152132
       _cons |   47.34056   17.33605     2.73   0.010      12.0701    82.61102
------------------------------------------------------------------------------

. 
end of do-file

. do "C:\Users\mshams\AppData\Local\Temp\STD208c_000008.tmp"

. qui est model1: ivregress 2sls q (pchick = pf pcor) y pop cpi pbeef meatex
subcommand estimates model1 is unrecognized
r(198);

end of do-file

r(198);

. do "C:\Users\mshams\AppData\Local\Temp\STD208c_000009.tmp"

. qui eststo model1: ivregress 2sls q (pchick = pf pcor) y pop cpi pbeef meatex

. 
end of do-file

. do "C:\Users\mshams\AppData\Local\Temp\STD208c_00000a.tmp"

. * Second stage ls 
. qui eststo  model2: reg q xhat y pop cpi pbeef meatex

. 
end of do-file

. do "C:\Users\mshams\AppData\Local\Temp\STD208c_00000b.tmp"

. esttab model1 model2

--------------------------------------------
                      (1)             (2)   
                        q               q   
--------------------------------------------
pchick             -0.302***                
                  (-4.78)                   

y                 0.00305***      0.00305***
                   (4.00)          (4.02)   

pop                -0.272*         -0.272*  
                  (-2.16)         (-2.17)   

cpi                 0.165***        0.165***
                   (4.27)          (4.29)   

pbeef               0.116**         0.116** 
                   (3.20)          (3.22)   

meatex             0.0110***       0.0110***
                   (5.32)          (5.34)   

xhat                               -0.302***
                                  (-4.80)   

_cons               47.34**         47.34*  
                   (2.72)          (2.73)   
--------------------------------------------
N                      40              40   
--------------------------------------------
t statistics in parentheses
* p<0.05, ** p<0.01, *** p<0.001

. 
. 
end of do-file

. do "C:\Users\mshams\AppData\Local\Temp\STD208c_00000c.tmp"

. 
. reg pbeef  pcor pf y pop cpi meatex pchick 

      Source |       SS           df       MS      Number of obs   =        40
-------------+----------------------------------   F(7, 32)        =    300.02
       Model |  60153.5311         7  8593.36159   Prob > F        =    0.0000
    Residual |  916.567518        32   28.642735   R-squared       =    0.9850
-------------+----------------------------------   Adj R-squared   =    0.9817
       Total |  61070.0986        39  1565.89997   Root MSE        =    5.3519

------------------------------------------------------------------------------
       pbeef | Coefficient  Std. err.      t    P>|t|     [95% conf. interval]
-------------+----------------------------------------------------------------
        pcor |   .0204494   .0863178     0.24   0.814    -.1553742     .196273
          pf |   .0448257   .1201147     0.37   0.711    -.1998401    .2894914
           y |  -.0030638   .0041501    -0.74   0.466    -.0115172    .0053896
         pop |   .7425937    .733549     1.01   0.319    -.7515967    2.236784
         cpi |   .5440511     .21117     2.58   0.015      .113912    .9741902
      meatex |  -.0235172   .0109147    -2.15   0.039    -.0457496   -.0012848
      pchick |   .3192833   .2890204     1.10   0.278     -.269432    .9079987
       _cons |  -109.3763   101.0593    -1.08   0.287    -315.2274    96.47478
------------------------------------------------------------------------------

. predict pbeef_h, xb

. 
. reg pchick pcor pf y pop cpi meatex pbeef

      Source |       SS           df       MS      Number of obs   =        40
-------------+----------------------------------   F(7, 32)        =    786.32
       Model |  56813.4051         7  8116.20073   Prob > F        =    0.0000
    Residual |  330.295568        32  10.3217365   R-squared       =    0.9942
-------------+----------------------------------   Adj R-squared   =    0.9930
       Total |  57143.7007        39  1465.22309   Root MSE        =    3.2127

------------------------------------------------------------------------------
      pchick | Coefficient  Std. err.      t    P>|t|     [95% conf. interval]
-------------+----------------------------------------------------------------
        pcor |   .0671533   .0504852     1.33   0.193    -.0356816    .1699883
          pf |   .1125742   .0694675     1.62   0.115    -.0289265    .2540748
           y |   .0110122   .0015883     6.93   0.000      .007777    .0142474
         pop |  -1.807652   .3130586    -5.77   0.000    -2.445331   -1.169972
         cpi |   .4754373    .111081     4.28   0.000     .2491728    .7017019
      meatex |   .0317445   .0042032     7.55   0.000     .0231829    .0403061
       pbeef |   .1150574   .1041518     1.10   0.278    -.0970929    .3272077
       _cons |   249.7408   43.19733     5.78   0.000     161.7507    337.7309
------------------------------------------------------------------------------

. predict pchick_h, xb

. 
. * second stage least squares 
. 
. reg q pchick_h pbeef_h y pop cpi meatex

      Source |       SS           df       MS      Number of obs   =        40
-------------+----------------------------------   F(6, 33)        =    547.17
       Model |  3784.64868         6  630.774779   Prob > F        =    0.0000
    Residual |  38.0423706        33  1.15279911   R-squared       =    0.9900
-------------+----------------------------------   Adj R-squared   =    0.9882
       Total |  3822.69105        39  98.0177191   Root MSE        =    1.0737

------------------------------------------------------------------------------
           q | Coefficient  Std. err.      t    P>|t|     [95% conf. interval]
-------------+----------------------------------------------------------------
    pchick_h |   .0834408   .1286275     0.65   0.521    -.1782539    .3451355
     pbeef_h |  -.4355541   .1813756    -2.40   0.022    -.8045654   -.0665428
           y |  -.0008905   .0013921    -0.64   0.527    -.0037228    .0019417
         pop |   .4936276   .2640112     1.87   0.070    -.0435072    1.030762
         cpi |   .3485069    .078159     4.46   0.000     .1894912    .5075226
      meatex |  -.0079678    .006228    -1.28   0.210    -.0206388    .0047031
       _cons |  -62.04695   37.48591    -1.66   0.107    -138.3126    14.21872
------------------------------------------------------------------------------

. 
end of do-file

. do "C:\Users\mshams\AppData\Local\Temp\STD208c_00000d.tmp"

. ivregress 2sls q (pchick pbeef = pf pcor) y pop cpi meatex

Instrumental-variables 2SLS regression            Number of obs   =     
>     40
                                                  Wald chi2(6)    =     
>   2.37
                                                  Prob > chi2     =     
> 0.8822
                                                  Root MSE        =     
> 39.926

------------------------------------------------------------------------
> ------
           q | Coefficient  Std. err.      z    P>|z|     [95% conf. int
> erval]
-------------+----------------------------------------------------------
> ------
      pchick |  -5.579894   117.3693    -0.05   0.962    -235.6194    22
> 4.4596
       pbeef |   8.247095   180.7847     0.05   0.964    -346.0844    36
> 2.5786
           y |   .0573347   1.207297     0.05   0.962    -2.308924    2.
> 423594
         pop |  -11.02885   239.2157    -0.05   0.963    -479.8831    45
> 7.8254
         cpi |  -2.791876   65.75337    -0.04   0.966    -131.6661    12
> 6.0824
      meatex |   .2827072   6.041412     0.05   0.963    -11.55824    12
> .12366
       _cons |   1586.038   34218.73     0.05   0.963    -65481.44    68
> 653.52
------------------------------------------------------------------------
> ------
Endogenous: pchick pbeef
Exogenous:  y pop cpi meatex pf pcor

. 
end of do-file

. do "C:\Users\mshams\AppData\Local\Temp\STD208c_00000e.tmp"

. ivregress 2sls q (pchick pbeef = pf pcor) y pop cpi meatex

Instrumental-variables 2SLS regression            Number of obs   =         40
                                                  Wald chi2(6)    =       2.37
                                                  Prob > chi2     =     0.8822
                                                  Root MSE        =     39.926

------------------------------------------------------------------------------
           q | Coefficient  Std. err.      z    P>|z|     [95% conf. interval]
-------------+----------------------------------------------------------------
      pchick |  -5.579894   117.3693    -0.05   0.962    -235.6194    224.4596
       pbeef |   8.247095   180.7847     0.05   0.964    -346.0844    362.5786
           y |   .0573347   1.207297     0.05   0.962    -2.308924    2.423594
         pop |  -11.02885   239.2157    -0.05   0.963    -479.8831    457.8254
         cpi |  -2.791876   65.75337    -0.04   0.966    -131.6661    126.0824
      meatex |   .2827072   6.041412     0.05   0.963    -11.55824    12.12366
       _cons |   1586.038   34218.73     0.05   0.963    -65481.44    68653.52
------------------------------------------------------------------------------
Endogenous: pchick pbeef
Exogenous:  y pop cpi meatex pf pcor

. 
end of do-file

. do "C:\Users\mshams\AppData\Local\Temp\STD208c_00000f.tmp"

. cap drop pbeef_h

. 
end of do-file

. do "C:\Users\mshams\AppData\Local\Temp\STD208c_00000g.tmp"

. cap drop pchick_h

. 
end of do-file

. do "C:\Users\mshams\AppData\Local\Temp\STD208c_00000h.tmp"

. cap drop pbeef_h

. reg pbeef  pcor pf y pop cpi meatex 

      Source |       SS           df       MS      Number of obs   =        40
-------------+----------------------------------   F(6, 33)        =    347.50
       Model |  60118.5761         6  10019.7627   Prob > F        =    0.0000
    Residual |  951.522567        33  28.8340172   R-squared       =    0.9844
-------------+----------------------------------   Adj R-squared   =    0.9816
       Total |  61070.0986        39  1565.89997   Root MSE        =    5.3697

------------------------------------------------------------------------------
       pbeef | Coefficient  Std. err.      t    P>|t|     [95% conf. interval]
-------------+----------------------------------------------------------------
        pcor |   .0434879   .0840398     0.52   0.608    -.1274924    .2144682
          pf |    .083849   .1151857     0.73   0.472    -.1504981    .3181961
           y |   .0004695   .0026533     0.18   0.861    -.0049288    .0058677
         pop |   .1717499   .5223862     0.33   0.744    -.8910528    1.234553
         cpi |   .7223879   .1365862     5.29   0.000     .4445012    1.000275
      meatex |   -.013892   .0065958    -2.11   0.043    -.0273112   -.0004728
       _cons |  -30.76853   72.00037    -0.43   0.672    -177.2544    115.7173
------------------------------------------------------------------------------

. predict pbeef_h, xb

. 
. cap drop pchick_h

. reg pchick pcor pf y pop cpi meatex 

      Source |       SS           df       MS      Number of obs   =        40
-------------+----------------------------------   F(6, 33)        =    911.09
       Model |  56800.8087         6  9466.80144   Prob > F        =    0.0000
    Residual |  342.892019        33  10.3906673   R-squared       =    0.9940
-------------+----------------------------------   Adj R-squared   =    0.9929
       Total |  57143.7007        39  1465.22309   Root MSE        =    3.2235

------------------------------------------------------------------------------
      pchick | Coefficient  Std. err.      t    P>|t|     [95% conf. interval]
-------------+----------------------------------------------------------------
        pcor |   .0721569   .0504492     1.43   0.162    -.0304827    .1747966
          pf |   .1222216   .0691461     1.77   0.086    -.0184572    .2629004
           y |   .0110662   .0015928     6.95   0.000     .0078256    .0143068
         pop |  -1.787891    .313589    -5.70   0.000    -2.425892   -1.149889
         cpi |   .5585534   .0819928     6.81   0.000     .3917377    .7253691
      meatex |   .0301462   .0039595     7.61   0.000     .0220906    .0382017
       _cons |   246.2007    43.2219     5.70   0.000     158.2651    334.1363
------------------------------------------------------------------------------

. predict pchick_h, xb

. 
. * second stage least squares 
. 
. reg q pchick_h pbeef_h y pop cpi meatex

      Source |       SS           df       MS      Number of obs   =        40
-------------+----------------------------------   F(6, 33)        =    561.58
       Model |  3785.61578         6  630.935963   Prob > F        =    0.0000
    Residual |  37.0752714        33  1.12349307   R-squared       =    0.9903
-------------+----------------------------------   Adj R-squared   =    0.9885
       Total |  3822.69105        39  98.0177191   Root MSE        =    1.0599

------------------------------------------------------------------------------
           q | Coefficient  Std. err.      t    P>|t|     [95% conf. interval]
-------------+----------------------------------------------------------------
    pchick_h |  -5.579825    3.11606    -1.79   0.083     -11.9195    .7598461
     pbeef_h |   8.246994   4.799692     1.72   0.095    -1.518054    18.01204
           y |    .057334   .0320528     1.79   0.083    -.0078778    .1225459
         pop |  -11.02871   6.350987    -1.74   0.092     -23.9499    1.892466
         cpi |  -2.791841   1.745702    -1.60   0.119    -6.343498    .7598154
      meatex |   .2827038   .1603947     1.76   0.087    -.0436217    .6090293
       _cons |   1586.018   908.4801     1.75   0.090    -262.2985    3434.335
------------------------------------------------------------------------------

. 
. 
end of do-file

. exit, clear
