--------------------------------------------------------------------------------
      name:  <unnamed>
       log:  C:/Users/mshams/Dropbox/Courses/are256b-w26/git_ignore/HA2_Fulton.l
> og
  log type:  text
 opened on:  22 Jan 2026, 19:43:50

. 
. use "$path/data/Fulton.dta", replace

. 
. g Fair = (Stormy+Mixed)==0

. 
. g dummy1= Stormy

. g dummy2= Fair 

. replace dummy2 = . if Stormy == 1
(32 real changes made, 32 to missing)

. g dummy3= Mixed

. replace dummy3 = . if Fair == 1
(45 real changes made, 45 to missing)

. 
. ivregress 2sls q (p = dummy1)

Instrumental-variables 2SLS regression            Number of obs   =        111
                                                  Wald chi2(1)    =       5.50
                                                  Prob > chi2     =     0.0190
                                                  R-squared       =          .
                                                  Root MSE        =     .73839

------------------------------------------------------------------------------
           q | Coefficient  Std. err.      z    P>|z|     [95% conf. interval]
-------------+----------------------------------------------------------------
           p |  -1.082409   .4615048    -2.35   0.019    -1.986942    -.177876
       _cons |   8.313787   .1135851    73.19   0.000     8.091165     8.53641
------------------------------------------------------------------------------
Endogenous: p
Exogenous:  dummy1

. ivregress 2sls q Mon Tue Wed Thu (p = dummy1)

Instrumental-variables 2SLS regression            Number of obs   =        111
                                                  Wald chi2(5)    =      24.93
                                                  Prob > chi2     =     0.0001
                                                  R-squared       =     0.1391
                                                  Root MSE        =     .68504

------------------------------------------------------------------------------
           q | Coefficient  Std. err.      z    P>|z|     [95% conf. interval]
-------------+----------------------------------------------------------------
           p |  -1.119417   .4168991    -2.69   0.007    -1.936524   -.3023097
         Mon |  -.0254022   .2088888    -0.12   0.903    -.4348167    .3840124
         Tue |  -.5307694   .2023004    -2.62   0.009    -.9272708    -.134268
         Wed |  -.5663511   .2069248    -2.74   0.006    -.9719163   -.1607858
         Thu |   .1092673   .2030653     0.54   0.591    -.2887334     .507268
       _cons |   8.505911   .1616135    52.63   0.000     8.189155    8.822668
------------------------------------------------------------------------------
Endogenous: p
Exogenous:  Mon Tue Wed Thu dummy1

. 
. ivregress 2sls q (p = dummy2)

Instrumental-variables 2SLS regression            Number of obs   =         79
                                                  Wald chi2(1)    =       1.55
                                                  Prob > chi2     =     0.2132
                                                  R-squared       =     0.0421
                                                  Root MSE        =     .71079

------------------------------------------------------------------------------
           q | Coefficient  Std. err.      z    P>|z|     [95% conf. interval]
-------------+----------------------------------------------------------------
           p |  -.8519671   .6844698    -1.24   0.213    -2.193503    .4895691
       _cons |   8.380692   .2142114    39.12   0.000     7.960846    8.800539
------------------------------------------------------------------------------
Endogenous: p
Exogenous:  dummy2

. ivregress 2sls q Mon Tue Wed Thu (p = dummy2)

Instrumental-variables 2SLS regression            Number of obs   =         79
                                                  Wald chi2(5)    =      20.55
                                                  Prob > chi2     =     0.0010
                                                  R-squared       =     0.2538
                                                  Root MSE        =     .62734

------------------------------------------------------------------------------
           q | Coefficient  Std. err.      z    P>|z|     [95% conf. interval]
-------------+----------------------------------------------------------------
           p |  -.3589251   .5914713    -0.61   0.544    -1.518188    .8003374
         Mon |   .0875281   .2360561     0.37   0.711    -.3751335    .5501896
         Tue |  -.5773338   .2213919    -2.61   0.009    -1.011254   -.1434135
         Wed |  -.7057364   .2193107    -3.22   0.001    -1.135577   -.2758954
         Thu |  -.0675569   .2165112    -0.31   0.755     -.491911    .3567973
       _cons |   8.783835   .2193536    40.04   0.000      8.35391    9.213761
------------------------------------------------------------------------------
Endogenous: p
Exogenous:  Mon Tue Wed Thu dummy2

. 
. ivregress 2sls q (p = dummy3)

Instrumental-variables 2SLS regression            Number of obs   =         66
                                                  Wald chi2(1)    =       1.71
                                                  Prob > chi2     =     0.1910
                                                  R-squared       =          .
                                                  Root MSE        =      .7712

------------------------------------------------------------------------------
           q | Coefficient  Std. err.      z    P>|z|     [95% conf. interval]
-------------+----------------------------------------------------------------
           p |  -1.236623   .9456906    -1.31   0.191    -3.090143    .6168961
       _cons |   8.320716   .1098909    75.72   0.000     8.105334    8.536098
------------------------------------------------------------------------------
Endogenous: p
Exogenous:  dummy3

. ivregress 2sls q Mon Tue Wed Thu (p = dummy3)

Instrumental-variables 2SLS regression            Number of obs   =         66
                                                  Wald chi2(5)    =      11.75
                                                  Prob > chi2     =     0.0383
                                                  R-squared       =          .
                                                  Root MSE        =      .7475

------------------------------------------------------------------------------
           q | Coefficient  Std. err.      z    P>|z|     [95% conf. interval]
-------------+----------------------------------------------------------------
           p |  -1.549989     .86672    -1.79   0.074    -3.248729    .1487505
         Mon |  -.0282846   .3423395    -0.08   0.934    -.6992576    .6426884
         Tue |  -.4966832   .3025717    -1.64   0.101    -1.089713    .0963465
         Wed |  -.5868715   .3182901    -1.84   0.065    -1.210709    .0369656
         Thu |   .2819855   .3007167     0.94   0.348    -.3074084    .8713795
       _cons |   8.489342   .2164872    39.21   0.000     8.065035    8.913649
------------------------------------------------------------------------------
Endogenous: p
Exogenous:  Mon Tue Wed Thu dummy3

. 
. eststo clear

. 
. 
. ivregress 2sls q (p = dummy1)

Instrumental-variables 2SLS regression            Number of obs   =        111
                                                  Wald chi2(1)    =       5.50
                                                  Prob > chi2     =     0.0190
                                                  R-squared       =          .
                                                  Root MSE        =     .73839

------------------------------------------------------------------------------
           q | Coefficient  Std. err.      z    P>|z|     [95% conf. interval]
-------------+----------------------------------------------------------------
           p |  -1.082409   .4615048    -2.35   0.019    -1.986942    -.177876
       _cons |   8.313787   .1135851    73.19   0.000     8.091165     8.53641
------------------------------------------------------------------------------
Endogenous: p
Exogenous:  dummy1

. eststo col1

. ivregress 2sls q Mon Tue Wed Thu (p = dummy1)

Instrumental-variables 2SLS regression            Number of obs   =        111
                                                  Wald chi2(5)    =      24.93
                                                  Prob > chi2     =     0.0001
                                                  R-squared       =     0.1391
                                                  Root MSE        =     .68504

------------------------------------------------------------------------------
           q | Coefficient  Std. err.      z    P>|z|     [95% conf. interval]
-------------+----------------------------------------------------------------
           p |  -1.119417   .4168991    -2.69   0.007    -1.936524   -.3023097
         Mon |  -.0254022   .2088888    -0.12   0.903    -.4348167    .3840124
         Tue |  -.5307694   .2023004    -2.62   0.009    -.9272708    -.134268
         Wed |  -.5663511   .2069248    -2.74   0.006    -.9719163   -.1607858
         Thu |   .1092673   .2030653     0.54   0.591    -.2887334     .507268
       _cons |   8.505911   .1616135    52.63   0.000     8.189155    8.822668
------------------------------------------------------------------------------
Endogenous: p
Exogenous:  Mon Tue Wed Thu dummy1

. eststo col2

. 
. ivregress 2sls q Mon (p = dummy2)

Instrumental-variables 2SLS regression            Number of obs   =         79
                                                  Wald chi2(2)    =       5.55
                                                  Prob > chi2     =     0.0622
                                                  R-squared       =     0.0977
                                                  Root MSE        =     .68983

------------------------------------------------------------------------------
           q | Coefficient  Std. err.      z    P>|z|     [95% conf. interval]
-------------+----------------------------------------------------------------
           p |   -.715408   .6766177    -1.06   0.290    -2.041554    .6107383
         Mon |   .3912853   .2145029     1.82   0.068    -.0291326    .8117031
       _cons |   8.355951   .2069545    40.38   0.000     7.950328    8.761575
------------------------------------------------------------------------------
Endogenous: p
Exogenous:  Mon dummy2

. eststo col3

. ivregress 2sls q Mon Tue Wed Thu (p = dummy2)

Instrumental-variables 2SLS regression            Number of obs   =         79
                                                  Wald chi2(5)    =      20.55
                                                  Prob > chi2     =     0.0010
                                                  R-squared       =     0.2538
                                                  Root MSE        =     .62734

------------------------------------------------------------------------------
           q | Coefficient  Std. err.      z    P>|z|     [95% conf. interval]
-------------+----------------------------------------------------------------
           p |  -.3589251   .5914713    -0.61   0.544    -1.518188    .8003374
         Mon |   .0875281   .2360561     0.37   0.711    -.3751335    .5501896
         Tue |  -.5773338   .2213919    -2.61   0.009    -1.011254   -.1434135
         Wed |  -.7057364   .2193107    -3.22   0.001    -1.135577   -.2758954
         Thu |  -.0675569   .2165112    -0.31   0.755     -.491911    .3567973
       _cons |   8.783835   .2193536    40.04   0.000      8.35391    9.213761
------------------------------------------------------------------------------
Endogenous: p
Exogenous:  Mon Tue Wed Thu dummy2

. eststo col4

. 
. ivregress 2sls q Mon (p = dummy3)

Instrumental-variables 2SLS regression            Number of obs   =         66
                                                  Wald chi2(2)    =       4.80
                                                  Prob > chi2     =     0.0906
                                                  R-squared       =          .
                                                  Root MSE        =     .78621

------------------------------------------------------------------------------
           q | Coefficient  Std. err.      z    P>|z|     [95% conf. interval]
-------------+----------------------------------------------------------------
           p |  -1.378305   .8787922    -1.57   0.117    -3.100706     .344096
         Mon |   .2150071    .273085     0.79   0.431    -.3202297    .7502439
       _cons |    8.27333   .1116289    74.11   0.000     8.054541    8.492119
------------------------------------------------------------------------------
Endogenous: p
Exogenous:  Mon dummy3

. eststo col5

. ivregress 2sls q Mon Tue Wed Thu (p = dummy3)

Instrumental-variables 2SLS regression            Number of obs   =         66
                                                  Wald chi2(5)    =      11.75
                                                  Prob > chi2     =     0.0383
                                                  R-squared       =          .
                                                  Root MSE        =      .7475

------------------------------------------------------------------------------
           q | Coefficient  Std. err.      z    P>|z|     [95% conf. interval]
-------------+----------------------------------------------------------------
           p |  -1.549989     .86672    -1.79   0.074    -3.248729    .1487505
         Mon |  -.0282846   .3423395    -0.08   0.934    -.6992576    .6426884
         Tue |  -.4966832   .3025717    -1.64   0.101    -1.089713    .0963465
         Wed |  -.5868715   .3182901    -1.84   0.065    -1.210709    .0369656
         Thu |   .2819855   .3007167     0.94   0.348    -.3074084    .8713795
       _cons |   8.489342   .2164872    39.21   0.000     8.065035    8.913649
------------------------------------------------------------------------------
Endogenous: p
Exogenous:  Mon Tue Wed Thu dummy3

. eststo col6

. 
. esttab, replace fragment ///
> keep(p Mon Tue Wed Thu) ///
> order(p Mon Tue Wed Thu) ///
> b(%6.2f) se(%6.2f) ///
> parentheses ///
> nocons 

                      (1)             (2)             (3)             (4)       
>       (5)             (6)   
                        q               q               q               q       
>         q               q   
--------------------------------------------------------------------------------
> ----------------------------
p                   -1.08*          -1.12**         -0.72           -0.36       
>     -1.38           -1.55   
                   (0.46)          (0.42)          (0.68)          (0.59)       
>    (0.88)          (0.87)   

Mon                                 -0.03            0.39            0.09       
>      0.22           -0.03   
                                   (0.21)          (0.21)          (0.24)       
>    (0.27)          (0.34)   

Tue                                 -0.53**                         -0.58**     
>                     -0.50   
                                   (0.20)                          (0.22)       
>                    (0.30)   

Wed                                 -0.57**                         -0.71**     
>                     -0.59   
                                   (0.21)                          (0.22)       
>                    (0.32)   

Thu                                  0.11                           -0.07       
>                      0.28   
                                   (0.20)                          (0.22)       
>                    (0.30)   
--------------------------------------------------------------------------------
> ----------------------------
N                     111             111              79              79       
>        66              66   

. 
. log close
      name:  <unnamed>
       log:  C:/Users/mshams/Dropbox/Courses/are256b-w26/git_ignore/HA2_Fulton.l
> og
  log type:  text
 closed on:  22 Jan 2026, 19:43:50
--------------------------------------------------------------------------------
